# JRE version: Java(TM) SE Runtime Environment (8.0_171-b11) (build 1.8.0_171-b11)
# Java VM: Java HotSpot(TM) 64-Bit Server VM (25.171-b11 mixed mode linux-amd64 compressed oops)
Heap:
 PSYoungGen      total 316928K, used 96K [0x00000000e0f00000, 0x00000000f4680000, 0x0000000100000000)
  eden space 314880K, 0% used [0x00000000e0f00000,0x00000000e0f00000,0x00000000f4280000)
  from space 2048K, 4% used [0x00000000f4280000,0x00000000f4298000,0x00000000f4480000)
  to   space 2048K, 0% used [0x00000000f4480000,0x00000000f4480000,0x00000000f4680000)
 ParOldGen       total 64512K, used 2295K [0x00000000a2c00000, 0x00000000a6b00000, 0x00000000e0f00000)
  object space 64512K, 3% used [0x00000000a2c00000,0x00000000a2e3dc70,0x00000000a6b00000)
 Metaspace       used 4838K, capacity 6136K, committed 6400K, reserved 1056768K
  class space    used 437K, capacity 488K, committed 512K, reserved 1048576K
GC Heap History (10 events):
Event: 1.015 GC heap after
Heap after GC invocations=6 (full 0):
 PSYoungGen      total 99328K, used 816K [0x00000000e0f00000, 0x00000000e7100000, 0x0000000100000000)
  eden space 98304K, 0% used [0x00000000e0f00000,0x00000000e0f00000,0x00000000e6f00000)
  from space 1024K, 79% used [0x00000000e7000000,0x00000000e70cc010,0x00000000e7100000)
  to   space 1024K, 0% used [0x00000000e6f00000,0x00000000e6f00000,0x00000000e7000000)
 ParOldGen       total 64512K, used 40K [0x00000000a2c00000, 0x00000000a6b00000, 0x00000000e0f00000)
  object space 64512K, 0% used [0x00000000a2c00000,0x00000000a2c0a000,0x00000000a6b00000)
 Metaspace       used 4535K, capacity 5880K, committed 6144K, reserved 1056768K
  class space    used 412K, capacity 488K, committed 512K, reserved 1048576K
}
Event: 1.182 GC heap before
{Heap before GC invocations=7 (full 0):
 PSYoungGen      total 99328K, used 99120K [0x00000000e0f00000, 0x00000000e7100000, 0x0000000100000000)
  eden space 98304K, 100% used [0x00000000e0f00000,0x00000000e6f00000,0x00000000e6f00000)
  from space 1024K, 79% used [0x00000000e7000000,0x00000000e70cc010,0x00000000e7100000)
  to   space 1024K, 0% used [0x00000000e6f00000,0x00000000e6f00000,0x00000000e7000000)
 ParOldGen       total 64512K, used 40K [0x00000000a2c00000, 0x00000000a6b00000, 0x00000000e0f00000)
  object space 64512K, 0% used [0x00000000a2c00000,0x00000000a2c0a000,0x00000000a6b00000)
 Metaspace       used 4643K, capacity 5944K, committed 6144K, reserved 1056768K
  class space    used 420K, capacity 488K, committed 512K, reserved 1048576K
Event: 1.190 GC heap after
Heap after GC invocations=7 (full 0):
 PSYoungGen      total 99328K, used 1024K [0x00000000e0f00000, 0x00000000ed300000, 0x0000000100000000)
  eden space 98304K, 0% used [0x00000000e0f00000,0x00000000e0f00000,0x00000000e6f00000)
  from space 1024K, 100% used [0x00000000e6f00000,0x00000000e7000000,0x00000000e7000000)
  to   space 2048K, 0% used [0x00000000ed100000,0x00000000ed100000,0x00000000ed300000)
 ParOldGen       total 64512K, used 1485K [0x00000000a2c00000, 0x00000000a6b00000, 0x00000000e0f00000)
  object space 64512K, 2% used [0x00000000a2c00000,0x00000000a2d736e8,0x00000000a6b00000)
 Metaspace       used 4643K, capacity 5944K, committed 6144K, reserved 1056768K
  class space    used 420K, capacity 488K, committed 512K, reserved 1048576K
}
Event: 1.504 GC heap before
{Heap before GC invocations=8 (full 0):
 PSYoungGen      total 99328K, used 99328K [0x00000000e0f00000, 0x00000000ed300000, 0x0000000100000000)
  eden space 98304K, 100% used [0x00000000e0f00000,0x00000000e6f00000,0x00000000e6f00000)
  from space 1024K, 100% used [0x00000000e6f00000,0x00000000e7000000,0x00000000e7000000)
  to   space 2048K, 0% used [0x00000000ed100000,0x00000000ed100000,0x00000000ed300000)
 ParOldGen       total 64512K, used 1485K [0x00000000a2c00000, 0x00000000a6b00000, 0x00000000e0f00000)
  object space 64512K, 2% used [0x00000000a2c00000,0x00000000a2d736e8,0x00000000a6b00000)
 Metaspace       used 4827K, capacity 6072K, committed 6144K, reserved 1056768K
  class space    used 437K, capacity 488K, committed 512K, reserved 1048576K
Event: 1.506 GC heap after
Heap after GC invocations=8 (full 0):
 PSYoungGen      total 198656K, used 564K [0x00000000e0f00000, 0x00000000ed300000, 0x0000000100000000)
  eden space 196608K, 0% used [0x00000000e0f00000,0x00000000e0f00000,0x00000000ecf00000)
  from space 2048K, 27% used [0x00000000ed100000,0x00000000ed18d230,0x00000000ed300000)
  to   space 2048K, 0% used [0x00000000ecf00000,0x00000000ecf00000,0x00000000ed100000)
 ParOldGen       total 64512K, used 1781K [0x00000000a2c00000, 0x00000000a6b00000, 0x00000000e0f00000)
  object space 64512K, 2% used [0x00000000a2c00000,0x00000000a2dbd6e8,0x00000000a6b00000)
 Metaspace       used 4827K, capacity 6072K, committed 6144K, reserved 1056768K
  class space    used 437K, capacity 488K, committed 512K, reserved 1048576K
}
Event: 1.725 GC heap before
{Heap before GC invocations=9 (full 0):
 PSYoungGen      total 198656K, used 197172K [0x00000000e0f00000, 0x00000000ed300000, 0x0000000100000000)
  eden space 196608K, 100% used [0x00000000e0f00000,0x00000000ecf00000,0x00000000ecf00000)
  from space 2048K, 27% used [0x00000000ed100000,0x00000000ed18d230,0x00000000ed300000)
  to   space 2048K, 0% used [0x00000000ecf00000,0x00000000ecf00000,0x00000000ed100000)
 ParOldGen       total 64512K, used 1781K [0x00000000a2c00000, 0x00000000a6b00000, 0x00000000e0f00000)
  object space 64512K, 2% used [0x00000000a2c00000,0x00000000a2dbd6e8,0x00000000a6b00000)
 Metaspace       used 4838K, capacity 6136K, committed 6400K, reserved 1056768K
  class space    used 437K, capacity 488K, committed 512K, reserved 1048576K
Event: 1.729 GC heap after
Heap after GC invocations=9 (full 0):
 PSYoungGen      total 198656K, used 500K [0x00000000e0f00000, 0x00000000f4680000, 0x0000000100000000)
  eden space 196608K, 0% used [0x00000000e0f00000,0x00000000e0f00000,0x00000000ecf00000)
  from space 2048K, 24% used [0x00000000ecf00000,0x00000000ecf7d230,0x00000000ed100000)
  to   space 2048K, 0% used [0x00000000f4480000,0x00000000f4480000,0x00000000f4680000)
 ParOldGen       total 64512K, used 1797K [0x00000000a2c00000, 0x00000000a6b00000, 0x00000000e0f00000)
  object space 64512K, 2% used [0x00000000a2c00000,0x00000000a2dc16e8,0x00000000a6b00000)
 Metaspace       used 4838K, capacity 6136K, committed 6400K, reserved 1056768K
  class space    used 437K, capacity 488K, committed 512K, reserved 1048576K
}
Event: 1.885 GC heap before
{Heap before GC invocations=10 (full 0):
 PSYoungGen      total 198656K, used 197108K [0x00000000e0f00000, 0x00000000f4680000, 0x0000000100000000)
  eden space 196608K, 100% used [0x00000000e0f00000,0x00000000ecf00000,0x00000000ecf00000)
  from space 2048K, 24% used [0x00000000ecf00000,0x00000000ecf7d230,0x00000000ed100000)
  to   space 2048K, 0% used [0x00000000f4480000,0x00000000f4480000,0x00000000f4680000)
 ParOldGen       total 64512K, used 1797K [0x00000000a2c00000, 0x00000000a6b00000, 0x00000000e0f00000)
  object space 64512K, 2% used [0x00000000a2c00000,0x00000000a2dc16e8,0x00000000a6b00000)
 Metaspace       used 4838K, capacity 6136K, committed 6400K, reserved 1056768K
  class space    used 437K, capacity 488K, committed 512K, reserved 1048576K
Event: 1.891 GC heap after
Heap after GC invocations=10 (full 0):
 PSYoungGen      total 316928K, used 32K [0x00000000e0f00000, 0x00000000f4680000, 0x0000000100000000)
  eden space 314880K, 0% used [0x00000000e0f00000,0x00000000e0f00000,0x00000000f4280000)
  from space 2048K, 1% used [0x00000000f4480000,0x00000000f4488000,0x00000000f4680000)
  to   space 2048K, 0% used [0x00000000f4280000,0x00000000f4280000,0x00000000f4480000)
 ParOldGen       total 64512K, used 2271K [0x00000000a2c00000, 0x00000000a6b00000, 0x00000000e0f00000)
  object space 64512K, 3% used [0x00000000a2c00000,0x00000000a2e37c70,0x00000000a6b00000)
 Metaspace       used 4838K, capacity 6136K, committed 6400K, reserved 1056768K
  class space    used 437K, capacity 488K, committed 512K, reserved 1048576K
}
Event: 4.455 GC heap before
{Heap before GC invocations=11 (full 0):
 PSYoungGen      total 316928K, used 314912K [0x00000000e0f00000, 0x00000000f4680000, 0x0000000100000000)
  eden space 314880K, 100% used [0x00000000e0f00000,0x00000000f4280000,0x00000000f4280000)
  from space 2048K, 1% used [0x00000000f4480000,0x00000000f4488000,0x00000000f4680000)
  to   space 2048K, 0% used [0x00000000f4280000,0x00000000f4280000,0x00000000f4480000)
 ParOldGen       total 64512K, used 2271K [0x00000000a2c00000, 0x00000000a6b00000, 0x00000000e0f00000)
  object space 64512K, 3% used [0x00000000a2c00000,0x00000000a2e37c70,0x00000000a6b00000)
 Metaspace       used 4838K, capacity 6136K, committed 6400K, reserved 1056768K
  class space    used 437K, capacity 488K, committed 512K, reserved 1048576K

